mode: set
github.com/matthewbednarski/oauth2_proxy/http.go:17.35,18.57 1 0
github.com/matthewbednarski/oauth2_proxy/http.go:18.57,20.3 1 0
github.com/matthewbednarski/oauth2_proxy/http.go:20.3,22.3 1 0
github.com/matthewbednarski/oauth2_proxy/http.go:25.30,30.12 4 0
github.com/matthewbednarski/oauth2_proxy/http.go:34.2,35.16 2 0
github.com/matthewbednarski/oauth2_proxy/http.go:42.2,46.16 4 0
github.com/matthewbednarski/oauth2_proxy/http.go:49.2,53.86 4 0
github.com/matthewbednarski/oauth2_proxy/http.go:57.2,57.49 1 0
github.com/matthewbednarski/oauth2_proxy/http.go:30.12,32.3 1 0
github.com/matthewbednarski/oauth2_proxy/http.go:36.18,37.22 1 0
github.com/matthewbednarski/oauth2_proxy/http.go:38.10,39.23 1 0
github.com/matthewbednarski/oauth2_proxy/http.go:46.16,48.3 1 0
github.com/matthewbednarski/oauth2_proxy/http.go:53.86,55.3 1 0
github.com/matthewbednarski/oauth2_proxy/http.go:60.31,66.30 3 0
github.com/matthewbednarski/oauth2_proxy/http.go:70.2,73.16 4 0
github.com/matthewbednarski/oauth2_proxy/http.go:77.2,78.16 2 0
github.com/matthewbednarski/oauth2_proxy/http.go:81.2,87.86 5 0
github.com/matthewbednarski/oauth2_proxy/http.go:91.2,91.53 1 0
github.com/matthewbednarski/oauth2_proxy/http.go:66.30,68.3 1 0
github.com/matthewbednarski/oauth2_proxy/http.go:73.16,75.3 1 0
github.com/matthewbednarski/oauth2_proxy/http.go:78.16,80.3 1 0
github.com/matthewbednarski/oauth2_proxy/http.go:87.86,89.3 1 0
github.com/matthewbednarski/oauth2_proxy/http.go:102.65,104.16 2 0
github.com/matthewbednarski/oauth2_proxy/http.go:107.2,109.16 3 0
github.com/matthewbednarski/oauth2_proxy/http.go:104.16,106.3 1 0
github.com/matthewbednarski/oauth2_proxy/logging_handler.go:25.47,27.2 1 0
github.com/matthewbednarski/oauth2_proxy/logging_handler.go:29.47,31.20 2 0
github.com/matthewbednarski/oauth2_proxy/logging_handler.go:35.2,36.20 2 0
github.com/matthewbednarski/oauth2_proxy/logging_handler.go:31.20,34.3 2 0
github.com/matthewbednarski/oauth2_proxy/logging_handler.go:36.20,39.3 2 0
github.com/matthewbednarski/oauth2_proxy/logging_handler.go:42.55,43.19 1 0
github.com/matthewbednarski/oauth2_proxy/logging_handler.go:47.2,50.18 4 0
github.com/matthewbednarski/oauth2_proxy/logging_handler.go:43.19,46.3 1 0
github.com/matthewbednarski/oauth2_proxy/logging_handler.go:53.45,57.2 3 0
github.com/matthewbednarski/oauth2_proxy/logging_handler.go:59.39,61.2 1 0
github.com/matthewbednarski/oauth2_proxy/logging_handler.go:63.37,65.2 1 0
github.com/matthewbednarski/oauth2_proxy/logging_handler.go:74.73,76.2 1 0
github.com/matthewbednarski/oauth2_proxy/logging_handler.go:78.77,83.16 5 0
github.com/matthewbednarski/oauth2_proxy/logging_handler.go:86.2,87.25 2 0
github.com/matthewbednarski/oauth2_proxy/logging_handler.go:83.16,85.3 1 0
github.com/matthewbednarski/oauth2_proxy/logging_handler.go:93.121,94.20 1 0
github.com/matthewbednarski/oauth2_proxy/logging_handler.go:97.2,97.20 1 0
github.com/matthewbednarski/oauth2_proxy/logging_handler.go:100.2,100.40 1 0
github.com/matthewbednarski/oauth2_proxy/logging_handler.go:106.2,107.18 2 0
github.com/matthewbednarski/oauth2_proxy/logging_handler.go:111.2,111.56 1 0
github.com/matthewbednarski/oauth2_proxy/logging_handler.go:115.2,131.24 3 0
github.com/matthewbednarski/oauth2_proxy/logging_handler.go:94.20,96.3 1 0
github.com/matthewbednarski/oauth2_proxy/logging_handler.go:97.20,99.3 1 0
github.com/matthewbednarski/oauth2_proxy/logging_handler.go:100.40,101.46 1 0
github.com/matthewbednarski/oauth2_proxy/logging_handler.go:101.46,103.4 1 0
github.com/matthewbednarski/oauth2_proxy/logging_handler.go:107.18,109.3 1 0
github.com/matthewbednarski/oauth2_proxy/logging_handler.go:111.56,113.3 1 0
github.com/matthewbednarski/oauth2_proxy/polling_validator.go:20.56,25.2 4 0
github.com/matthewbednarski/oauth2_proxy/polling_validator.go:27.62,31.2 3 0
github.com/matthewbednarski/oauth2_proxy/polling_validator.go:33.79,36.16 2 0
github.com/matthewbednarski/oauth2_proxy/polling_validator.go:39.2,46.16 7 0
github.com/matthewbednarski/oauth2_proxy/polling_validator.go:50.2,50.28 1 0
github.com/matthewbednarski/oauth2_proxy/polling_validator.go:54.2,54.8 1 0
github.com/matthewbednarski/oauth2_proxy/polling_validator.go:36.16,38.3 1 0
github.com/matthewbednarski/oauth2_proxy/polling_validator.go:46.16,49.3 2 0
github.com/matthewbednarski/oauth2_proxy/polling_validator.go:50.28,53.3 2 0
github.com/matthewbednarski/oauth2_proxy/polling_validator.go:57.67,59.12 2 0
github.com/matthewbednarski/oauth2_proxy/polling_validator.go:59.12,60.22 1 0
github.com/matthewbednarski/oauth2_proxy/polling_validator.go:60.22,62.4 1 0
github.com/matthewbednarski/oauth2_proxy/polling_validator.go:65.67,67.36 2 0
github.com/matthewbednarski/oauth2_proxy/polling_validator.go:75.2,75.47 1 0
github.com/matthewbednarski/oauth2_proxy/polling_validator.go:91.2,91.18 1 0
github.com/matthewbednarski/oauth2_proxy/polling_validator.go:67.36,68.20 1 0
github.com/matthewbednarski/oauth2_proxy/polling_validator.go:72.3,72.62 1 0
github.com/matthewbednarski/oauth2_proxy/polling_validator.go:68.20,70.12 2 0
github.com/matthewbednarski/oauth2_proxy/polling_validator.go:75.47,76.18 1 0
github.com/matthewbednarski/oauth2_proxy/polling_validator.go:79.3,80.37 2 0
github.com/matthewbednarski/oauth2_proxy/polling_validator.go:83.3,83.13 1 0
github.com/matthewbednarski/oauth2_proxy/polling_validator.go:86.3,86.15 1 0
github.com/matthewbednarski/oauth2_proxy/polling_validator.go:89.3,89.15 1 0
github.com/matthewbednarski/oauth2_proxy/polling_validator.go:76.18,78.4 1 0
github.com/matthewbednarski/oauth2_proxy/polling_validator.go:80.37,82.4 1 0
github.com/matthewbednarski/oauth2_proxy/polling_validator.go:83.13,85.4 1 0
github.com/matthewbednarski/oauth2_proxy/polling_validator.go:86.15,88.4 1 0
github.com/matthewbednarski/oauth2_proxy/polling_validator.go:93.108,95.21 2 0
github.com/matthewbednarski/oauth2_proxy/polling_validator.go:106.2,106.34 1 0
github.com/matthewbednarski/oauth2_proxy/polling_validator.go:95.21,98.27 3 0
github.com/matthewbednarski/oauth2_proxy/polling_validator.go:104.3,104.49 1 0
github.com/matthewbednarski/oauth2_proxy/polling_validator.go:98.27,102.4 3 0
github.com/matthewbednarski/oauth2_proxy/string_array.go:9.43,12.2 2 0
github.com/matthewbednarski/oauth2_proxy/string_array.go:14.39,16.2 1 0
github.com/matthewbednarski/oauth2_proxy/watcher.go:15.29,19.28 2 1
github.com/matthewbednarski/oauth2_proxy/watcher.go:22.2,22.6 1 1
github.com/matthewbednarski/oauth2_proxy/watcher.go:19.28,21.3 1 1
github.com/matthewbednarski/oauth2_proxy/watcher.go:22.6,23.46 1 1
github.com/matthewbednarski/oauth2_proxy/watcher.go:29.3,29.29 1 1
github.com/matthewbednarski/oauth2_proxy/watcher.go:23.46,24.48 1 1
github.com/matthewbednarski/oauth2_proxy/watcher.go:24.48,27.5 2 1
github.com/matthewbednarski/oauth2_proxy/watcher.go:33.72,36.16 3 1
github.com/matthewbednarski/oauth2_proxy/watcher.go:39.2,39.12 1 1
github.com/matthewbednarski/oauth2_proxy/watcher.go:64.2,64.45 1 1
github.com/matthewbednarski/oauth2_proxy/watcher.go:67.2,67.49 1 1
github.com/matthewbednarski/oauth2_proxy/watcher.go:36.16,38.3 1 0
github.com/matthewbednarski/oauth2_proxy/watcher.go:39.12,41.7 2 1
github.com/matthewbednarski/oauth2_proxy/watcher.go:41.7,42.11 1 1
github.com/matthewbednarski/oauth2_proxy/watcher.go:43.20,45.10 2 1
github.com/matthewbednarski/oauth2_proxy/watcher.go:46.35,52.71 1 1
github.com/matthewbednarski/oauth2_proxy/watcher.go:57.5,58.13 2 1
github.com/matthewbednarski/oauth2_proxy/watcher.go:59.33,60.55 1 0
github.com/matthewbednarski/oauth2_proxy/watcher.go:52.71,56.6 3 1
github.com/matthewbednarski/oauth2_proxy/watcher.go:64.45,66.3 1 0
github.com/matthewbednarski/oauth2_proxy/env_options.go:11.61,14.38 3 1
github.com/matthewbednarski/oauth2_proxy/env_options.go:14.38,23.38 5 1
github.com/matthewbednarski/oauth2_proxy/env_options.go:26.3,26.37 1 1
github.com/matthewbednarski/oauth2_proxy/env_options.go:30.3,31.14 2 1
github.com/matthewbednarski/oauth2_proxy/env_options.go:23.38,25.4 1 0
github.com/matthewbednarski/oauth2_proxy/env_options.go:26.37,28.12 1 0
github.com/matthewbednarski/oauth2_proxy/env_options.go:31.14,33.4 1 1
github.com/matthewbednarski/oauth2_proxy/htpasswd.go:19.62,21.16 2 0
github.com/matthewbednarski/oauth2_proxy/htpasswd.go:24.2,25.23 2 0
github.com/matthewbednarski/oauth2_proxy/htpasswd.go:21.16,23.3 1 0
github.com/matthewbednarski/oauth2_proxy/htpasswd.go:28.57,35.16 6 1
github.com/matthewbednarski/oauth2_proxy/htpasswd.go:38.2,39.33 2 1
github.com/matthewbednarski/oauth2_proxy/htpasswd.go:42.2,42.15 1 1
github.com/matthewbednarski/oauth2_proxy/htpasswd.go:35.16,37.3 1 0
github.com/matthewbednarski/oauth2_proxy/htpasswd.go:39.33,41.3 1 1
github.com/matthewbednarski/oauth2_proxy/htpasswd.go:45.68,47.13 2 1
github.com/matthewbednarski/oauth2_proxy/htpasswd.go:50.2,50.33 1 1
github.com/matthewbednarski/oauth2_proxy/htpasswd.go:59.2,59.14 1 0
github.com/matthewbednarski/oauth2_proxy/htpasswd.go:47.13,49.3 1 0
github.com/matthewbednarski/oauth2_proxy/htpasswd.go:50.33,53.72 3 1
github.com/matthewbednarski/oauth2_proxy/htpasswd.go:53.72,55.4 1 1
github.com/matthewbednarski/oauth2_proxy/htpasswd.go:56.3,58.3 1 0
github.com/matthewbednarski/oauth2_proxy/main.go:16.13,87.18 61 0
github.com/matthewbednarski/oauth2_proxy/main.go:92.2,95.19 3 0
github.com/matthewbednarski/oauth2_proxy/main.go:101.2,105.16 4 0
github.com/matthewbednarski/oauth2_proxy/main.go:109.2,109.47 1 0
github.com/matthewbednarski/oauth2_proxy/main.go:112.2,112.38 1 0
github.com/matthewbednarski/oauth2_proxy/main.go:117.2,119.71 2 0
github.com/matthewbednarski/oauth2_proxy/main.go:127.2,127.29 1 0
github.com/matthewbednarski/oauth2_proxy/main.go:136.2,140.20 2 0
github.com/matthewbednarski/oauth2_proxy/main.go:87.18,90.3 2 0
github.com/matthewbednarski/oauth2_proxy/main.go:95.19,97.17 2 0
github.com/matthewbednarski/oauth2_proxy/main.go:97.17,99.4 1 0
github.com/matthewbednarski/oauth2_proxy/main.go:105.16,108.3 2 0
github.com/matthewbednarski/oauth2_proxy/main.go:109.47,111.3 1 0
github.com/matthewbednarski/oauth2_proxy/main.go:112.38,114.3 1 0
github.com/matthewbednarski/oauth2_proxy/main.go:114.3,116.3 1 0
github.com/matthewbednarski/oauth2_proxy/main.go:119.71,120.33 1 0
github.com/matthewbednarski/oauth2_proxy/main.go:120.33,122.4 1 0
github.com/matthewbednarski/oauth2_proxy/main.go:122.4,122.41 1 0
github.com/matthewbednarski/oauth2_proxy/main.go:122.41,124.4 1 0
github.com/matthewbednarski/oauth2_proxy/main.go:127.29,131.17 4 0
github.com/matthewbednarski/oauth2_proxy/main.go:131.17,133.4 1 0
github.com/matthewbednarski/oauth2_proxy/oauthproxy.go:83.75,85.19 2 1
github.com/matthewbednarski/oauth2_proxy/oauthproxy.go:89.2,89.27 1 1
github.com/matthewbednarski/oauth2_proxy/oauthproxy.go:85.19,88.3 2 1
github.com/matthewbednarski/oauth2_proxy/oauthproxy.go:92.70,94.2 1 1
github.com/matthewbednarski/oauth2_proxy/oauthproxy.go:95.80,97.43 2 1
github.com/matthewbednarski/oauth2_proxy/oauthproxy.go:97.43,103.3 4 1
github.com/matthewbednarski/oauth2_proxy/oauthproxy.go:105.53,107.43 2 1
github.com/matthewbednarski/oauth2_proxy/oauthproxy.go:107.43,112.3 3 1
github.com/matthewbednarski/oauth2_proxy/oauthproxy.go:114.77,116.2 1 0
github.com/matthewbednarski/oauth2_proxy/oauthproxy.go:118.76,121.51 3 1
github.com/matthewbednarski/oauth2_proxy/oauthproxy.go:125.2,125.35 1 1
github.com/matthewbednarski/oauth2_proxy/oauthproxy.go:150.2,150.39 1 1
github.com/matthewbednarski/oauth2_proxy/oauthproxy.go:154.2,159.44 5 1
github.com/matthewbednarski/oauth2_proxy/oauthproxy.go:163.2,166.70 3 1
github.com/matthewbednarski/oauth2_proxy/oauthproxy.go:174.2,209.3 1 1
github.com/matthewbednarski/oauth2_proxy/oauthproxy.go:121.51,124.3 1 1
github.com/matthewbednarski/oauth2_proxy/oauthproxy.go:125.35,127.19 2 1
github.com/matthewbednarski/oauth2_proxy/oauthproxy.go:128.24,132.28 4 1
github.com/matthewbednarski/oauth2_proxy/oauthproxy.go:137.4,138.41 1 1
github.com/matthewbednarski/oauth2_proxy/oauthproxy.go:139.15,140.24 1 0
github.com/matthewbednarski/oauth2_proxy/oauthproxy.go:143.4,145.59 3 0
github.com/matthewbednarski/oauth2_proxy/oauthproxy.go:146.11,147.64 1 0
github.com/matthewbednarski/oauth2_proxy/oauthproxy.go:132.28,134.5 1 0
github.com/matthewbednarski/oauth2_proxy/oauthproxy.go:134.5,136.5 1 1
github.com/matthewbednarski/oauth2_proxy/oauthproxy.go:140.24,142.5 1 0
github.com/matthewbednarski/oauth2_proxy/oauthproxy.go:150.39,152.3 1 0
github.com/matthewbednarski/oauth2_proxy/oauthproxy.go:159.44,161.3 1 1
github.com/matthewbednarski/oauth2_proxy/oauthproxy.go:166.70,169.17 3 1
github.com/matthewbednarski/oauth2_proxy/oauthproxy.go:169.17,171.4 1 0
github.com/matthewbednarski/oauth2_proxy/oauthproxy.go:212.57,214.30 1 1
github.com/matthewbednarski/oauth2_proxy/oauthproxy.go:217.2,219.20 3 1
github.com/matthewbednarski/oauth2_proxy/oauthproxy.go:226.2,227.19 2 1
github.com/matthewbednarski/oauth2_proxy/oauthproxy.go:214.30,216.3 1 0
github.com/matthewbednarski/oauth2_proxy/oauthproxy.go:219.20,220.21 1 1
github.com/matthewbednarski/oauth2_proxy/oauthproxy.go:220.21,222.4 1 1
github.com/matthewbednarski/oauth2_proxy/oauthproxy.go:222.4,224.4 1 1
github.com/matthewbednarski/oauth2_proxy/oauthproxy.go:230.52,232.2 1 1
github.com/matthewbednarski/oauth2_proxy/oauthproxy.go:234.91,235.16 1 1
github.com/matthewbednarski/oauth2_proxy/oauthproxy.go:238.2,240.16 3 1
github.com/matthewbednarski/oauth2_proxy/oauthproxy.go:244.2,244.19 1 1
github.com/matthewbednarski/oauth2_proxy/oauthproxy.go:248.2,248.18 1 1
github.com/matthewbednarski/oauth2_proxy/oauthproxy.go:254.2,254.8 1 1
github.com/matthewbednarski/oauth2_proxy/oauthproxy.go:235.16,237.3 1 0
github.com/matthewbednarski/oauth2_proxy/oauthproxy.go:240.16,242.3 1 0
github.com/matthewbednarski/oauth2_proxy/oauthproxy.go:244.19,246.3 1 1
github.com/matthewbednarski/oauth2_proxy/oauthproxy.go:248.18,250.53 2 1
github.com/matthewbednarski/oauth2_proxy/oauthproxy.go:250.53,252.4 1 1
github.com/matthewbednarski/oauth2_proxy/oauthproxy.go:257.127,258.17 1 1
github.com/matthewbednarski/oauth2_proxy/oauthproxy.go:265.2,265.64 1 1
github.com/matthewbednarski/oauth2_proxy/oauthproxy.go:258.17,260.24 2 1
github.com/matthewbednarski/oauth2_proxy/oauthproxy.go:260.24,263.4 1 0
github.com/matthewbednarski/oauth2_proxy/oauthproxy.go:268.124,270.2 1 1
github.com/matthewbednarski/oauth2_proxy/oauthproxy.go:272.133,273.26 1 1
github.com/matthewbednarski/oauth2_proxy/oauthproxy.go:283.2,291.3 1 1
github.com/matthewbednarski/oauth2_proxy/oauthproxy.go:273.26,275.57 2 0
github.com/matthewbednarski/oauth2_proxy/oauthproxy.go:278.3,278.49 1 0
github.com/matthewbednarski/oauth2_proxy/oauthproxy.go:275.57,277.4 1 0
github.com/matthewbednarski/oauth2_proxy/oauthproxy.go:278.49,280.4 1 0
github.com/matthewbednarski/oauth2_proxy/oauthproxy.go:294.81,296.2 1 1
github.com/matthewbednarski/oauth2_proxy/oauthproxy.go:298.91,300.2 1 1
github.com/matthewbednarski/oauth2_proxy/oauthproxy.go:302.84,304.2 1 1
github.com/matthewbednarski/oauth2_proxy/oauthproxy.go:306.94,308.2 1 1
github.com/matthewbednarski/oauth2_proxy/oauthproxy.go:310.108,313.16 3 1
github.com/matthewbednarski/oauth2_proxy/oauthproxy.go:317.2,318.9 2 1
github.com/matthewbednarski/oauth2_proxy/oauthproxy.go:322.2,323.16 2 1
github.com/matthewbednarski/oauth2_proxy/oauthproxy.go:327.2,328.26 2 1
github.com/matthewbednarski/oauth2_proxy/oauthproxy.go:313.16,316.3 1 1
github.com/matthewbednarski/oauth2_proxy/oauthproxy.go:318.9,320.3 1 1
github.com/matthewbednarski/oauth2_proxy/oauthproxy.go:323.16,325.3 1 0
github.com/matthewbednarski/oauth2_proxy/oauthproxy.go:331.110,333.16 2 1
github.com/matthewbednarski/oauth2_proxy/oauthproxy.go:336.2,337.12 2 1
github.com/matthewbednarski/oauth2_proxy/oauthproxy.go:333.16,335.3 1 0
github.com/matthewbednarski/oauth2_proxy/oauthproxy.go:340.56,343.2 2 1
github.com/matthewbednarski/oauth2_proxy/oauthproxy.go:345.55,348.2 2 0
github.com/matthewbednarski/oauth2_proxy/oauthproxy.go:350.96,363.2 4 0
github.com/matthewbednarski/oauth2_proxy/oauthproxy.go:365.86,370.53 4 1
github.com/matthewbednarski/oauth2_proxy/oauthproxy.go:373.2,373.34 1 1
github.com/matthewbednarski/oauth2_proxy/oauthproxy.go:377.2,394.52 2 1
github.com/matthewbednarski/oauth2_proxy/oauthproxy.go:370.53,372.3 1 0
github.com/matthewbednarski/oauth2_proxy/oauthproxy.go:373.34,375.3 1 1
github.com/matthewbednarski/oauth2_proxy/oauthproxy.go:397.93,398.51 1 1
github.com/matthewbednarski/oauth2_proxy/oauthproxy.go:401.2,403.16 3 0
github.com/matthewbednarski/oauth2_proxy/oauthproxy.go:407.2,407.43 1 0
github.com/matthewbednarski/oauth2_proxy/oauthproxy.go:411.2,411.18 1 0
github.com/matthewbednarski/oauth2_proxy/oauthproxy.go:398.51,400.3 1 1
github.com/matthewbednarski/oauth2_proxy/oauthproxy.go:403.16,405.3 1 0
github.com/matthewbednarski/oauth2_proxy/oauthproxy.go:407.43,410.3 2 0
github.com/matthewbednarski/oauth2_proxy/oauthproxy.go:414.82,416.16 2 1
github.com/matthewbednarski/oauth2_proxy/oauthproxy.go:420.2,421.94 2 1
github.com/matthewbednarski/oauth2_proxy/oauthproxy.go:425.2,425.8 1 1
github.com/matthewbednarski/oauth2_proxy/oauthproxy.go:416.16,418.3 1 0
github.com/matthewbednarski/oauth2_proxy/oauthproxy.go:421.94,423.3 1 1
github.com/matthewbednarski/oauth2_proxy/oauthproxy.go:428.72,431.2 2 1
github.com/matthewbednarski/oauth2_proxy/oauthproxy.go:433.63,434.36 1 1
github.com/matthewbednarski/oauth2_proxy/oauthproxy.go:440.2,440.8 1 1
github.com/matthewbednarski/oauth2_proxy/oauthproxy.go:434.36,436.9 2 0
github.com/matthewbednarski/oauth2_proxy/oauthproxy.go:436.9,438.4 1 0
github.com/matthewbednarski/oauth2_proxy/oauthproxy.go:443.50,445.39 2 1
github.com/matthewbednarski/oauth2_proxy/oauthproxy.go:448.2,448.8 1 1
github.com/matthewbednarski/oauth2_proxy/oauthproxy.go:445.39,447.3 1 0
github.com/matthewbednarski/oauth2_proxy/oauthproxy.go:451.75,452.31 1 1
github.com/matthewbednarski/oauth2_proxy/oauthproxy.go:453.28,454.18 1 1
github.com/matthewbednarski/oauth2_proxy/oauthproxy.go:455.26,456.17 1 0
github.com/matthewbednarski/oauth2_proxy/oauthproxy.go:457.35,458.32 1 1
github.com/matthewbednarski/oauth2_proxy/oauthproxy.go:459.28,460.20 1 1
github.com/matthewbednarski/oauth2_proxy/oauthproxy.go:461.29,462.21 1 0
github.com/matthewbednarski/oauth2_proxy/oauthproxy.go:463.32,464.24 1 0
github.com/matthewbednarski/oauth2_proxy/oauthproxy.go:465.35,466.27 1 1
github.com/matthewbednarski/oauth2_proxy/oauthproxy.go:467.30,468.30 1 1
github.com/matthewbednarski/oauth2_proxy/oauthproxy.go:469.10,470.19 1 1
github.com/matthewbednarski/oauth2_proxy/oauthproxy.go:474.72,476.16 2 1
github.com/matthewbednarski/oauth2_proxy/oauthproxy.go:481.2,482.8 2 1
github.com/matthewbednarski/oauth2_proxy/oauthproxy.go:476.16,479.3 2 0
github.com/matthewbednarski/oauth2_proxy/oauthproxy.go:482.8,486.3 3 0
github.com/matthewbednarski/oauth2_proxy/oauthproxy.go:486.3,487.27 1 1
github.com/matthewbednarski/oauth2_proxy/oauthproxy.go:487.27,489.4 1 0
github.com/matthewbednarski/oauth2_proxy/oauthproxy.go:489.4,491.4 1 1
github.com/matthewbednarski/oauth2_proxy/oauthproxy.go:495.73,498.2 2 0
github.com/matthewbednarski/oauth2_proxy/oauthproxy.go:500.76,502.16 2 1
github.com/matthewbednarski/oauth2_proxy/oauthproxy.go:506.2,508.16 3 1
github.com/matthewbednarski/oauth2_proxy/oauthproxy.go:512.2,513.105 2 1
github.com/matthewbednarski/oauth2_proxy/oauthproxy.go:502.16,505.3 2 0
github.com/matthewbednarski/oauth2_proxy/oauthproxy.go:508.16,511.3 2 0
github.com/matthewbednarski/oauth2_proxy/oauthproxy.go:516.79,521.16 3 1
github.com/matthewbednarski/oauth2_proxy/oauthproxy.go:525.2,526.23 2 1
github.com/matthewbednarski/oauth2_proxy/oauthproxy.go:531.2,532.16 2 1
github.com/matthewbednarski/oauth2_proxy/oauthproxy.go:538.2,539.17 2 1
github.com/matthewbednarski/oauth2_proxy/oauthproxy.go:543.2,546.16 4 1
github.com/matthewbednarski/oauth2_proxy/oauthproxy.go:550.2,551.22 2 1
github.com/matthewbednarski/oauth2_proxy/oauthproxy.go:557.2,557.76 1 1
github.com/matthewbednarski/oauth2_proxy/oauthproxy.go:562.2,562.75 1 1
github.com/matthewbednarski/oauth2_proxy/oauthproxy.go:521.16,524.3 2 0
github.com/matthewbednarski/oauth2_proxy/oauthproxy.go:526.23,529.3 2 0
github.com/matthewbednarski/oauth2_proxy/oauthproxy.go:532.16,536.3 3 0
github.com/matthewbednarski/oauth2_proxy/oauthproxy.go:539.17,542.3 2 0
github.com/matthewbednarski/oauth2_proxy/oauthproxy.go:546.16,549.3 2 0
github.com/matthewbednarski/oauth2_proxy/oauthproxy.go:551.22,555.3 3 0
github.com/matthewbednarski/oauth2_proxy/oauthproxy.go:557.76,559.3 1 1
github.com/matthewbednarski/oauth2_proxy/oauthproxy.go:562.75,565.17 3 1
github.com/matthewbednarski/oauth2_proxy/oauthproxy.go:570.3,570.40 1 1
github.com/matthewbednarski/oauth2_proxy/oauthproxy.go:565.17,569.4 3 0
github.com/matthewbednarski/oauth2_proxy/oauthproxy.go:571.3,574.3 2 0
github.com/matthewbednarski/oauth2_proxy/oauthproxy.go:577.82,579.35 2 1
github.com/matthewbednarski/oauth2_proxy/oauthproxy.go:579.35,581.3 1 1
github.com/matthewbednarski/oauth2_proxy/oauthproxy.go:581.3,583.3 1 1
github.com/matthewbednarski/oauth2_proxy/oauthproxy.go:586.71,588.46 2 1
github.com/matthewbednarski/oauth2_proxy/oauthproxy.go:588.46,591.3 1 0
github.com/matthewbednarski/oauth2_proxy/oauthproxy.go:591.3,591.43 1 1
github.com/matthewbednarski/oauth2_proxy/oauthproxy.go:591.43,592.27 1 1
github.com/matthewbednarski/oauth2_proxy/oauthproxy.go:592.27,594.4 1 1
github.com/matthewbednarski/oauth2_proxy/oauthproxy.go:594.4,596.4 1 1
github.com/matthewbednarski/oauth2_proxy/oauthproxy.go:597.3,599.3 1 1
github.com/matthewbednarski/oauth2_proxy/oauthproxy.go:602.82,607.16 4 1
github.com/matthewbednarski/oauth2_proxy/oauthproxy.go:610.2,610.91 1 1
github.com/matthewbednarski/oauth2_proxy/oauthproxy.go:615.2,615.71 1 1
github.com/matthewbednarski/oauth2_proxy/oauthproxy.go:624.2,624.43 1 1
github.com/matthewbednarski/oauth2_proxy/oauthproxy.go:631.2,631.80 1 1
github.com/matthewbednarski/oauth2_proxy/oauthproxy.go:640.2,640.74 1 1
github.com/matthewbednarski/oauth2_proxy/oauthproxy.go:647.2,647.35 1 1
github.com/matthewbednarski/oauth2_proxy/oauthproxy.go:655.2,655.18 1 1
github.com/matthewbednarski/oauth2_proxy/oauthproxy.go:659.2,659.20 1 1
github.com/matthewbednarski/oauth2_proxy/oauthproxy.go:666.2,666.20 1 1
github.com/matthewbednarski/oauth2_proxy/oauthproxy.go:671.2,671.21 1 1
github.com/matthewbednarski/oauth2_proxy/oauthproxy.go:678.2,678.23 1 1
github.com/matthewbednarski/oauth2_proxy/oauthproxy.go:684.2,684.23 1 1
github.com/matthewbednarski/oauth2_proxy/oauthproxy.go:690.2,690.52 1 1
github.com/matthewbednarski/oauth2_proxy/oauthproxy.go:693.2,693.25 1 1
github.com/matthewbednarski/oauth2_proxy/oauthproxy.go:698.2,698.28 1 1
github.com/matthewbednarski/oauth2_proxy/oauthproxy.go:607.16,609.3 1 1
github.com/matthewbednarski/oauth2_proxy/oauthproxy.go:610.91,613.3 2 0
github.com/matthewbednarski/oauth2_proxy/oauthproxy.go:615.71,619.3 3 0
github.com/matthewbednarski/oauth2_proxy/oauthproxy.go:619.3,619.15 1 1
github.com/matthewbednarski/oauth2_proxy/oauthproxy.go:619.15,622.3 2 0
github.com/matthewbednarski/oauth2_proxy/oauthproxy.go:624.43,629.3 4 0
github.com/matthewbednarski/oauth2_proxy/oauthproxy.go:631.80,632.48 1 0
github.com/matthewbednarski/oauth2_proxy/oauthproxy.go:632.48,637.4 4 0
github.com/matthewbednarski/oauth2_proxy/oauthproxy.go:640.74,645.3 4 1
github.com/matthewbednarski/oauth2_proxy/oauthproxy.go:647.35,649.17 2 0
github.com/matthewbednarski/oauth2_proxy/oauthproxy.go:649.17,652.4 2 0
github.com/matthewbednarski/oauth2_proxy/oauthproxy.go:655.18,657.3 1 1
github.com/matthewbednarski/oauth2_proxy/oauthproxy.go:659.20,661.17 2 1
github.com/matthewbednarski/oauth2_proxy/oauthproxy.go:661.17,663.4 1 0
github.com/matthewbednarski/oauth2_proxy/oauthproxy.go:666.20,668.3 1 1
github.com/matthewbednarski/oauth2_proxy/oauthproxy.go:671.21,674.26 3 1
github.com/matthewbednarski/oauth2_proxy/oauthproxy.go:674.26,676.4 1 1
github.com/matthewbednarski/oauth2_proxy/oauthproxy.go:678.23,680.26 2 1
github.com/matthewbednarski/oauth2_proxy/oauthproxy.go:680.26,682.4 1 1
github.com/matthewbednarski/oauth2_proxy/oauthproxy.go:684.23,686.26 2 1
github.com/matthewbednarski/oauth2_proxy/oauthproxy.go:686.26,688.4 1 1
github.com/matthewbednarski/oauth2_proxy/oauthproxy.go:690.52,692.3 1 1
github.com/matthewbednarski/oauth2_proxy/oauthproxy.go:693.25,695.3 1 0
github.com/matthewbednarski/oauth2_proxy/oauthproxy.go:695.3,697.3 1 1
github.com/matthewbednarski/oauth2_proxy/oauthproxy.go:701.89,702.27 1 1
github.com/matthewbednarski/oauth2_proxy/oauthproxy.go:705.2,706.16 2 0
github.com/matthewbednarski/oauth2_proxy/oauthproxy.go:709.2,710.36 2 0
github.com/matthewbednarski/oauth2_proxy/oauthproxy.go:713.2,714.16 2 0
github.com/matthewbednarski/oauth2_proxy/oauthproxy.go:717.2,718.20 2 0
github.com/matthewbednarski/oauth2_proxy/oauthproxy.go:721.2,721.47 1 0
github.com/matthewbednarski/oauth2_proxy/oauthproxy.go:725.2,725.59 1 0
github.com/matthewbednarski/oauth2_proxy/oauthproxy.go:702.27,704.3 1 1
github.com/matthewbednarski/oauth2_proxy/oauthproxy.go:706.16,708.3 1 0
github.com/matthewbednarski/oauth2_proxy/oauthproxy.go:710.36,712.3 1 0
github.com/matthewbednarski/oauth2_proxy/oauthproxy.go:714.16,716.3 1 0
github.com/matthewbednarski/oauth2_proxy/oauthproxy.go:718.20,720.3 1 0
github.com/matthewbednarski/oauth2_proxy/oauthproxy.go:721.47,724.3 2 0
github.com/matthewbednarski/oauth2_proxy/options.go:98.28,120.2 1 1
github.com/matthewbednarski/oauth2_proxy/options.go:122.84,124.16 2 1
github.com/matthewbednarski/oauth2_proxy/options.go:128.2,128.21 1 1
github.com/matthewbednarski/oauth2_proxy/options.go:124.16,127.3 1 0
github.com/matthewbednarski/oauth2_proxy/options.go:131.36,132.29 1 1
github.com/matthewbednarski/oauth2_proxy/options.go:140.2,141.26 2 1
github.com/matthewbednarski/oauth2_proxy/options.go:144.2,144.22 1 1
github.com/matthewbednarski/oauth2_proxy/options.go:147.2,147.26 1 1
github.com/matthewbednarski/oauth2_proxy/options.go:150.2,150.89 1 1
github.com/matthewbednarski/oauth2_proxy/options.go:155.2,155.27 1 1
github.com/matthewbednarski/oauth2_proxy/options.go:171.2,173.32 2 1
github.com/matthewbednarski/oauth2_proxy/options.go:185.2,185.36 1 1
github.com/matthewbednarski/oauth2_proxy/options.go:193.2,195.64 2 1
github.com/matthewbednarski/oauth2_proxy/options.go:220.2,220.39 1 1
github.com/matthewbednarski/oauth2_proxy/options.go:228.2,228.93 1 1
github.com/matthewbednarski/oauth2_proxy/options.go:240.2,243.20 3 1
github.com/matthewbednarski/oauth2_proxy/options.go:247.2,247.12 1 1
github.com/matthewbednarski/oauth2_proxy/options.go:132.29,138.3 2 0
github.com/matthewbednarski/oauth2_proxy/options.go:141.26,143.3 1 1
github.com/matthewbednarski/oauth2_proxy/options.go:144.22,146.3 1 1
github.com/matthewbednarski/oauth2_proxy/options.go:147.26,149.3 1 1
github.com/matthewbednarski/oauth2_proxy/options.go:150.89,153.3 1 1
github.com/matthewbednarski/oauth2_proxy/options.go:155.27,158.17 2 0
github.com/matthewbednarski/oauth2_proxy/options.go:161.3,166.20 4 0
github.com/matthewbednarski/oauth2_proxy/options.go:158.17,160.4 1 0
github.com/matthewbednarski/oauth2_proxy/options.go:166.20,168.4 1 0
github.com/matthewbednarski/oauth2_proxy/options.go:173.32,175.17 2 1
github.com/matthewbednarski/oauth2_proxy/options.go:175.17,177.4 1 1
github.com/matthewbednarski/oauth2_proxy/options.go:177.4,178.30 1 1
github.com/matthewbednarski/oauth2_proxy/options.go:181.4,181.50 1 1
github.com/matthewbednarski/oauth2_proxy/options.go:178.30,180.5 1 1
github.com/matthewbednarski/oauth2_proxy/options.go:185.36,187.17 2 1
github.com/matthewbednarski/oauth2_proxy/options.go:191.3,191.59 1 1
github.com/matthewbednarski/oauth2_proxy/options.go:187.17,189.12 2 1
github.com/matthewbednarski/oauth2_proxy/options.go:195.64,197.39 2 1
github.com/matthewbednarski/oauth2_proxy/options.go:202.3,203.60 2 1
github.com/matthewbednarski/oauth2_proxy/options.go:206.3,206.40 1 1
github.com/matthewbednarski/oauth2_proxy/options.go:197.39,198.45 1 1
github.com/matthewbednarski/oauth2_proxy/options.go:198.45,200.5 1 1
github.com/matthewbednarski/oauth2_proxy/options.go:203.60,205.4 1 1
github.com/matthewbednarski/oauth2_proxy/options.go:206.40,208.15 2 1
github.com/matthewbednarski/oauth2_proxy/options.go:211.4,216.47 1 1
github.com/matthewbednarski/oauth2_proxy/options.go:208.15,210.5 1 0
github.com/matthewbednarski/oauth2_proxy/options.go:220.39,226.3 1 1
github.com/matthewbednarski/oauth2_proxy/options.go:228.93,229.30 1 1
github.com/matthewbednarski/oauth2_proxy/options.go:232.3,232.31 1 1
github.com/matthewbednarski/oauth2_proxy/options.go:235.3,235.39 1 1
github.com/matthewbednarski/oauth2_proxy/options.go:229.30,231.4 1 0
github.com/matthewbednarski/oauth2_proxy/options.go:232.31,234.4 1 1
github.com/matthewbednarski/oauth2_proxy/options.go:235.39,237.4 1 1
github.com/matthewbednarski/oauth2_proxy/options.go:243.20,246.3 1 1
github.com/matthewbednarski/oauth2_proxy/options.go:250.60,264.32 8 1
github.com/matthewbednarski/oauth2_proxy/options.go:285.2,285.13 1 1
github.com/matthewbednarski/oauth2_proxy/options.go:265.32,266.29 1 0
github.com/matthewbednarski/oauth2_proxy/options.go:267.33,268.42 1 0
github.com/matthewbednarski/oauth2_proxy/options.go:269.33,270.39 1 1
github.com/matthewbednarski/oauth2_proxy/options.go:278.31,279.28 1 0
github.com/matthewbednarski/oauth2_proxy/options.go:270.39,272.18 2 1
github.com/matthewbednarski/oauth2_proxy/options.go:272.18,274.5 1 1
github.com/matthewbednarski/oauth2_proxy/options.go:274.5,276.5 1 0
github.com/matthewbednarski/oauth2_proxy/options.go:279.28,281.4 1 0
github.com/matthewbednarski/oauth2_proxy/options.go:281.4,283.4 1 0
github.com/matthewbednarski/oauth2_proxy/options.go:288.60,289.26 1 1
github.com/matthewbednarski/oauth2_proxy/options.go:293.2,294.26 2 1
github.com/matthewbednarski/oauth2_proxy/options.go:299.2,300.73 2 1
github.com/matthewbednarski/oauth2_proxy/options.go:306.2,306.13 1 1
github.com/matthewbednarski/oauth2_proxy/options.go:289.26,291.3 1 1
github.com/matthewbednarski/oauth2_proxy/options.go:294.26,297.3 1 1
github.com/matthewbednarski/oauth2_proxy/options.go:300.73,303.3 1 1
github.com/matthewbednarski/oauth2_proxy/options.go:303.3,305.3 1 1
github.com/matthewbednarski/oauth2_proxy/options.go:309.61,311.27 2 1
github.com/matthewbednarski/oauth2_proxy/options.go:314.2,314.13 1 1
github.com/matthewbednarski/oauth2_proxy/options.go:311.27,313.3 1 1
github.com/matthewbednarski/oauth2_proxy/options.go:317.39,319.17 2 1
github.com/matthewbednarski/oauth2_proxy/options.go:320.9,321.24 1 1
github.com/matthewbednarski/oauth2_proxy/options.go:322.9,323.23 1 0
github.com/matthewbednarski/oauth2_proxy/options.go:324.9,325.22 1 1
github.com/matthewbednarski/oauth2_proxy/options.go:326.10,327.16 1 1
github.com/matthewbednarski/oauth2_proxy/options.go:332.40,334.16 2 1
github.com/matthewbednarski/oauth2_proxy/options.go:337.2,337.23 1 1
github.com/matthewbednarski/oauth2_proxy/options.go:334.16,336.3 1 1
github.com/matthewbednarski/oauth2_proxy/templates.go:9.51,10.15 1 1
github.com/matthewbednarski/oauth2_proxy/templates.go:13.2,15.16 3 0
github.com/matthewbednarski/oauth2_proxy/templates.go:18.2,18.10 1 0
github.com/matthewbednarski/oauth2_proxy/templates.go:10.15,12.3 1 1
github.com/matthewbednarski/oauth2_proxy/templates.go:15.16,17.3 1 0
github.com/matthewbednarski/oauth2_proxy/templates.go:21.40,153.16 2 1
github.com/matthewbednarski/oauth2_proxy/templates.go:157.2,171.16 2 1
github.com/matthewbednarski/oauth2_proxy/templates.go:174.2,174.10 1 1
github.com/matthewbednarski/oauth2_proxy/templates.go:153.16,155.3 1 0
github.com/matthewbednarski/oauth2_proxy/templates.go:171.16,173.3 1 0
github.com/matthewbednarski/oauth2_proxy/validator.go:18.79,22.21 4 1
github.com/matthewbednarski/oauth2_proxy/validator.go:30.2,30.11 1 1
github.com/matthewbednarski/oauth2_proxy/validator.go:22.21,24.43 2 1
github.com/matthewbednarski/oauth2_proxy/validator.go:28.3,28.35 1 1
github.com/matthewbednarski/oauth2_proxy/validator.go:24.43,27.4 2 1
github.com/matthewbednarski/oauth2_proxy/validator.go:33.56,37.2 3 1
github.com/matthewbednarski/oauth2_proxy/validator.go:39.50,41.16 2 1
github.com/matthewbednarski/oauth2_proxy/validator.go:44.2,50.16 7 1
github.com/matthewbednarski/oauth2_proxy/validator.go:54.2,55.28 2 1
github.com/matthewbednarski/oauth2_proxy/validator.go:59.2,59.54 1 1
github.com/matthewbednarski/oauth2_proxy/validator.go:41.16,43.3 1 0
github.com/matthewbednarski/oauth2_proxy/validator.go:50.16,53.3 2 0
github.com/matthewbednarski/oauth2_proxy/validator.go:55.28,58.3 2 1
github.com/matthewbednarski/oauth2_proxy/validator.go:63.55,67.33 3 1
github.com/matthewbednarski/oauth2_proxy/validator.go:75.2,75.47 1 1
github.com/matthewbednarski/oauth2_proxy/validator.go:91.2,91.18 1 1
github.com/matthewbednarski/oauth2_proxy/validator.go:67.33,68.20 1 1
github.com/matthewbednarski/oauth2_proxy/validator.go:72.3,72.59 1 1
github.com/matthewbednarski/oauth2_proxy/validator.go:68.20,70.12 2 0
github.com/matthewbednarski/oauth2_proxy/validator.go:75.47,76.18 1 1
github.com/matthewbednarski/oauth2_proxy/validator.go:79.3,80.34 2 1
github.com/matthewbednarski/oauth2_proxy/validator.go:83.3,83.13 1 1
github.com/matthewbednarski/oauth2_proxy/validator.go:86.3,86.15 1 1
github.com/matthewbednarski/oauth2_proxy/validator.go:89.3,89.15 1 1
github.com/matthewbednarski/oauth2_proxy/validator.go:76.18,78.4 1 0
github.com/matthewbednarski/oauth2_proxy/validator.go:80.34,82.4 1 1
github.com/matthewbednarski/oauth2_proxy/validator.go:83.13,85.4 1 1
github.com/matthewbednarski/oauth2_proxy/validator.go:86.15,88.4 1 0
github.com/matthewbednarski/oauth2_proxy/validator.go:94.73,95.58 1 0
github.com/matthewbednarski/oauth2_proxy/validator.go:95.58,95.60 0 0
